Performing C SOURCE FILE Test CMAKE_HAVE_LIBC_PTHREAD failed with the following output:
Change Dir: /tmp/yaos/cmake-build-debug/CMakeFiles/CMakeTmp

Run Build Command(s):/usr/bin/make cmTC_2105d/fast && /usr/bin/make -f CMakeFiles/cmTC_2105d.dir/build.make CMakeFiles/cmTC_2105d.dir/build
make[1]: Entering directory '/tmp/yaos/cmake-build-debug/CMakeFiles/CMakeTmp'
Building C object CMakeFiles/cmTC_2105d.dir/src.c.o
/usr/bin/cc   -DCMAKE_HAVE_LIBC_PTHREAD   -o CMakeFiles/cmTC_2105d.dir/src.c.o   -c /tmp/yaos/cmake-build-debug/CMakeFiles/CMakeTmp/src.c
Linking C executable cmTC_2105d
/usr/bin/cmake -E cmake_link_script CMakeFiles/cmTC_2105d.dir/link.txt --verbose=1
/usr/bin/cc  -DCMAKE_HAVE_LIBC_PTHREAD    CMakeFiles/cmTC_2105d.dir/src.c.o  -o cmTC_2105d 
/usr/bin/ld: CMakeFiles/cmTC_2105d.dir/src.c.o: in function `main':
src.c:(.text+0x46): undefined reference to `pthread_create'
/usr/bin/ld: src.c:(.text+0x52): undefined reference to `pthread_detach'
/usr/bin/ld: src.c:(.text+0x63): undefined reference to `pthread_join'
collect2: error: ld returned 1 exit status
make[1]: *** [CMakeFiles/cmTC_2105d.dir/build.make:87: cmTC_2105d] Error 1
make[1]: Leaving directory '/tmp/yaos/cmake-build-debug/CMakeFiles/CMakeTmp'
make: *** [Makefile:121: cmTC_2105d/fast] Error 2


Source file was:
#include <pthread.h>

void* test_func(void* data)
{
  return data;
}

int main(void)
{
  pthread_t thread;
  pthread_create(&thread, NULL, test_func, NULL);
  pthread_detach(thread);
  pthread_join(thread, NULL);
  pthread_atfork(NULL, NULL, NULL);
  pthread_exit(NULL);

  return 0;
}

Determining if the function pthread_create exists in the pthreads failed with the following output:
Change Dir: /tmp/yaos/cmake-build-debug/CMakeFiles/CMakeTmp

Run Build Command(s):/usr/bin/make cmTC_affbb/fast && /usr/bin/make -f CMakeFiles/cmTC_affbb.dir/build.make CMakeFiles/cmTC_affbb.dir/build
make[1]: Entering directory '/tmp/yaos/cmake-build-debug/CMakeFiles/CMakeTmp'
Building C object CMakeFiles/cmTC_affbb.dir/CheckFunctionExists.c.o
/usr/bin/cc   -DCHECK_FUNCTION_EXISTS=pthread_create   -o CMakeFiles/cmTC_affbb.dir/CheckFunctionExists.c.o   -c /usr/share/cmake-3.16/Modules/CheckFunctionExists.c
Linking C executable cmTC_affbb
/usr/bin/cmake -E cmake_link_script CMakeFiles/cmTC_affbb.dir/link.txt --verbose=1
/usr/bin/cc  -DCHECK_FUNCTION_EXISTS=pthread_create    CMakeFiles/cmTC_affbb.dir/CheckFunctionExists.c.o  -o cmTC_affbb  -lpthreads 
/usr/bin/ld: cannot find -lpthreads
collect2: error: ld returned 1 exit status
make[1]: *** [CMakeFiles/cmTC_affbb.dir/build.make:87: cmTC_affbb] Error 1
make[1]: Leaving directory '/tmp/yaos/cmake-build-debug/CMakeFiles/CMakeTmp'
make: *** [Makefile:121: cmTC_affbb/fast] Error 2



Performing C SOURCE FILE Test CMAKE_HAVE_LIBC_PTHREAD failed with the following output:
Change Dir: /tmp/yaosopt/cmake-build-debug/CMakeFiles/CMakeTmp

Run Build Command(s):/usr/bin/make cmTC_f1650/fast && /usr/bin/make -f CMakeFiles/cmTC_f1650.dir/build.make CMakeFiles/cmTC_f1650.dir/build
make[1]: Entering directory '/tmp/yaosopt/cmake-build-debug/CMakeFiles/CMakeTmp'
Building C object CMakeFiles/cmTC_f1650.dir/src.c.o
/usr/bin/cc   -DCMAKE_HAVE_LIBC_PTHREAD   -o CMakeFiles/cmTC_f1650.dir/src.c.o   -c /tmp/yaosopt/cmake-build-debug/CMakeFiles/CMakeTmp/src.c
Linking C executable cmTC_f1650
/usr/bin/cmake -E cmake_link_script CMakeFiles/cmTC_f1650.dir/link.txt --verbose=1
/usr/bin/cc  -DCMAKE_HAVE_LIBC_PTHREAD    CMakeFiles/cmTC_f1650.dir/src.c.o  -o cmTC_f1650 
/usr/bin/ld: CMakeFiles/cmTC_f1650.dir/src.c.o: in function `main':
src.c:(.text+0x46): undefined reference to `pthread_create'
/usr/bin/ld: src.c:(.text+0x52): undefined reference to `pthread_detach'
/usr/bin/ld: src.c:(.text+0x63): undefined reference to `pthread_join'
collect2: error: ld returned 1 exit status
make[1]: *** [CMakeFiles/cmTC_f1650.dir/build.make:87: cmTC_f1650] Error 1
make[1]: Leaving directory '/tmp/yaosopt/cmake-build-debug/CMakeFiles/CMakeTmp'
make: *** [Makefile:121: cmTC_f1650/fast] Error 2


Source file was:
#include <pthread.h>

void* test_func(void* data)
{
  return data;
}

int main(void)
{
  pthread_t thread;
  pthread_create(&thread, NULL, test_func, NULL);
  pthread_detach(thread);
  pthread_join(thread, NULL);
  pthread_atfork(NULL, NULL, NULL);
  pthread_exit(NULL);

  return 0;
}

Determining if the function pthread_create exists in the pthreads failed with the following output:
Change Dir: /tmp/yaosopt/cmake-build-debug/CMakeFiles/CMakeTmp

Run Build Command(s):/usr/bin/make cmTC_b1bbf/fast && /usr/bin/make -f CMakeFiles/cmTC_b1bbf.dir/build.make CMakeFiles/cmTC_b1bbf.dir/build
make[1]: Entering directory '/tmp/yaosopt/cmake-build-debug/CMakeFiles/CMakeTmp'
Building C object CMakeFiles/cmTC_b1bbf.dir/CheckFunctionExists.c.o
/usr/bin/cc   -DCHECK_FUNCTION_EXISTS=pthread_create   -o CMakeFiles/cmTC_b1bbf.dir/CheckFunctionExists.c.o   -c /usr/share/cmake-3.16/Modules/CheckFunctionExists.c
Linking C executable cmTC_b1bbf
/usr/bin/cmake -E cmake_link_script CMakeFiles/cmTC_b1bbf.dir/link.txt --verbose=1
/usr/bin/cc  -DCHECK_FUNCTION_EXISTS=pthread_create    CMakeFiles/cmTC_b1bbf.dir/CheckFunctionExists.c.o  -o cmTC_b1bbf  -lpthreads 
/usr/bin/ld: cannot find -lpthreads
collect2: error: ld returned 1 exit status
make[1]: *** [CMakeFiles/cmTC_b1bbf.dir/build.make:87: cmTC_b1bbf] Error 1
make[1]: Leaving directory '/tmp/yaosopt/cmake-build-debug/CMakeFiles/CMakeTmp'
make: *** [Makefile:121: cmTC_b1bbf/fast] Error 2



